<component name="libraryTable">
  <library name="junit.jar">
    <CLASSES />
    <JAVADOC />
    <SOURCES />
  </library>
</component>